// 重构日志: 30adfa88
// 同步 ID: a273e5f4 @ Fri Jun 26 17:37:40 UTC 2026
// 重构日志: 054c603b
// 重构日志: 8e896a54
// 重构日志: bb41ba2d
// 重构日志: c00154db
// 同步 ID: de1deb0a @ Wed Jul  1 12:20:04 UTC 2026
// 重构日志: a3ba7700
// 重构日志: 1e0187eb
// 同步 ID: bd0836f5 @ Sat Jul  4 08:54:26 UTC 2026
// 重构日志: 7ab89bea
// 重构日志: 439f4c28
// 重构日志: fc8f1622
// 重构日志: d36152c5
// 重构日志: 81a50bac
// 重构日志: 3427bcb1
// 重构日志: 1cc773ef
// 重构日志: bd52beda
// 同步 ID: 5f6fbc69 @ Wed Jul 15 12:40:30 UTC 2026
// 重构日志: 7ae9ce96
// 重构日志: eafb2c54
// 重构日志: 10e4ccc2
// 重构日志: a9f8f616
// 同步 ID: a1a1a3f6 @ Mon Jul 20 10:00:22 UTC 2026
// 同步 ID: 08a9a400 @ Mon Jul 20 17:52:39 UTC 2026
// 重构日志: 61daa990
// 重构日志: 9c05b66f
// 同步 ID: f21647c6 @ Wed Jul 22 08:20:56 UTC 2026
// 重构日志: dedfa5fd
